
 LIST ALL SELECTED ELEMENTS.  (LIST NODES)
 
    ELEM MAT TYP REL ESY SEC        NODES
 
       1   1   1   1   0   1     37    39    19    19    35    35    35    35
       2   1   1   1   0   1     39    19    15    15    37    37    37    37
       3   1   1   1   0   1     40    39    19    19    15    15    15    15
       4   1   1   1   0   1     39    32    27    27    36    36    36    36
       5   1   1   1   0   1     37    35    14    14    32    32    32    32
       6   1   1   1   0   1     38    31    20    20    26    26    26    26
       7   1   1   1   0   1     34    35    19    19    33    33    33    33
       8   1   1   1   0   1     34    11     8     8    33    33    33    33
       9   1   1   1   0   1     34    17     1     1     9     9     9     9
      10   1   1   1   0   1     39    30    40    40    11    11    11    11
      11   1   1   1   0   1     39    27    30    30    36    36    36    36
      12   1   1   1   0   1     39    15    40    40    28    28    28    28
      13   1   1   1   0   1     39    36    33    33    35    35    35    35
      14   1   1   1   0   1     36    30    33    33    29    29    29    29
      15   1   1   1   0   1     37    19    14    14    35    35    35    35
      16   1   1   1   0   1     39    35    32    32    36    36    36    36
      17   1   1   1   0   1     39    11    33    33    30    30    30    30
      18   1   1   1   0   1     19    34    16    16    35    35    35    35
      19   1   1   1   0   1     35    14    16    16    19    19    19    19
      20   1   1   1   0   1     33    30    11    11     6     6     6     6
 
    ELEM MAT TYP REL ESY SEC        NODES
 
      21   1   1   1   0   1     38    28    20    20    31    31    31    31
      22   1   1   1   0   1     28    31    40    40     7     7     7     7
      23   1   1   1   0   1     34    11    33    33    19    19    19    19
      24   1   1   1   0   1     38    31    26    26    23    23    23    23
      25   1   1   1   0   1     31    21    25    25     4     4     4     4
      26   1   1   1   0   1     39    19    35    35    33    33    33    33
      27   1   1   1   0   1     38    40    28    28    31    31    31    31
      28   1   1   1   0   1     38    22    26    26    20    20    20    20
      29   1   1   1   0   1     39    28    40    40    30    30    30    30
      30   1   1   1   0   1     36    29    27    27    30    30    30    30
      31   1   1   1   0   1     30     6     7     7    11    11    11    11
      32   1   1   1   0   1     37    15    14    14    19    19    19    19
      33   1   1   1   0   1     38    31    18    18    40    40    40    40
      34   1   1   1   0   1     38    15    28    28    40    40    40    40
      35   1   1   1   0   1      3     7    40    40    10    10    10    10
      36   1   1   1   0   1     38    22    23    23    26    26    26    26
      37   1   1   1   0   1     31    25    21    21    26    26    26    26
      38   1   1   1   0   1     31    10     4     4    25    25    25    25
      39   1   1   1   0   1     31     7     4     4    10    10    10    10
      40   1   1   1   0   1     25    24    10    10     5     5     5     5
 
    ELEM MAT TYP REL ESY SEC        NODES
 
      41   1   1   1   0   1     25    10    24    24    23    23    23    23
      42   1   1   1   0   1     24    23    18    18    13    13    13    13
      43   1   1   1   0   1     38    18    31    31    23    23    23    23
      44   1   1   1   0   1     38    40    18    18    15    15    15    15
      45   1   1   1   0   1     31    10    18    18    40    40    40    40
      46   1   1   1   0   1     24     2    18    18    10    10    10    10
      47   1   1   1   0   1     19    11     3     3    17    17    17    17
      48   1   1   1   0   1     34    11    19    19    17    17    17    17
      49   1   1   1   0   1     17    19    34    34    16    16    16    16
      50   1   1   1   0   1     40    19    11    11     3     3     3     3
      51   1   1   1   0   1     19    40    15    15     3     3     3     3
      52   1   1   1   0   1     34    16     1     1    17    17    17    17
      53   1   1   1   0   1     17     1     9     9     3     3     3     3
      54   1   1   1   0   1     23    13    12    12    18    18    18    18
      55   1   1   1   0   1     24    23    10    10    18    18    18    18
      56   1   1   1   0   1     38    22    12    12    23    23    23    23
      57   1   1   1   0   1     24     2    13    13    18    18    18    18
      58   1   1   1   0   1     15    40    18    18     3     3     3     3
      59   1   1   1   0   1     18    10     2     2     3     3     3     3
      60   1   1   1   0   1     31    25    23    23    10    10    10    10
 
    ELEM MAT TYP REL ESY SEC        NODES
 
      61   1   1   1   0   1     34    17     9     9    11    11    11    11
      62   1   1   1   0   1     25    10     4     4     5     5     5     5
      63   1   1   1   0   1     39    33    36    36    30    30    30    30
      64   1   1   1   0   1     39    40    19    19    11    11    11    11
      65   1   1   1   0   1     33    11     8     8     6     6     6     6
      66   1   1   1   0   1     30     7    40    40    11    11    11    11
      67   1   1   1   0   1     18    10     3     3    40    40    40    40
      68   1   1   1   0   1      9    11    17    17     3     3     3     3
      69   1   1   1   0   1     31    10    40    40     7     7     7     7
      70   1   1   1   0   1     31    26    23    23    25    25    25    25
      71   1   1   1   0   1     38    12    18    18    23    23    23    23
      72   1   1   1   0   1     31    26    21    21    20    20    20    20
      73   1   1   1   0   1     24    10     5     5     2     2     2     2
      74   1   1   1   0   1      9    34    11    11     8     8     8     8
      75   1   1   1   0   1     39    28    30    30    27    27    27    27
      76   1   1   1   0   1     31    10    23    23    18    18    18    18
      77   1   1   1   0   1     19    39    11    11    33    33    33    33
      78   1   1   1   0   1     33    29    30    30     6     6     6     6
      79   1   1   1   0   1     37    39    35    35    32    32    32    32
      80   1   1   1   0   1     34     1     8     8     9     9     9     9
 
    ELEM MAT TYP REL ESY SEC        NODES
 
      81   1   1   1   0   1     28    40    30    30     7     7     7     7
      82   1   1   1   0   1     11    40     3     3     7     7     7     7
      83   1   1   1   0   1     38    15    18    18    12    12    12    12


