
 LIST ALL SELECTED NODES.   DSYS=  0
 SORT TABLE ON  NODE  NODE  NODE

   NODE        X                   Y                   Z
       1     0.00000000000       0.00000000000       0.00000000000    
       2     2.00000000000       0.00000000000       0.00000000000    
       3     1.00000000000       0.00000000000       0.00000000000    
       4     2.00000000000       1.00000000000       0.00000000000    
       5     2.00000000000      0.500000000000       0.00000000000    
       6     0.00000000000       1.00000000000       0.00000000000    
       7     1.00000000000       1.00000000000       0.00000000000    
       8     0.00000000000      0.500000000000       0.00000000000    
       9    0.371875000000      0.289062500000       0.00000000000    
      10     1.60000000000      0.500000000000       0.00000000000    
      11    0.475000000000      0.562500000000       0.00000000000    
      12     2.00000000000       0.00000000000       1.00000000000    
      13     2.00000000000       0.00000000000      0.500000000000    
      14     0.00000000000       0.00000000000       1.00000000000    
      15     1.00000000000       0.00000000000       1.00000000000    
      16     0.00000000000       0.00000000000      0.500000000000    
      17    0.371875000000       0.00000000000      0.289062500000    
      18     1.60000000000       0.00000000000      0.500000000000    
      19    0.475000000000       0.00000000000      0.562500000000    
      20     2.00000000000       1.00000000000       1.00000000000    

   NODE        X                   Y                   Z
      21     2.00000000000       1.00000000000      0.500000000000    
      22     2.00000000000      0.500000000000       1.00000000000    
      23     2.00000000000      0.360231481482      0.641064814815    
      24     2.00000000000      0.301657407407      0.298824074074    
      25     2.00000000000      0.643924382716      0.356452160494    
      26     2.00000000000      0.701657407407      0.698824074074    
      27     0.00000000000       1.00000000000       1.00000000000    
      28     1.00000000000       1.00000000000       1.00000000000    
      29     0.00000000000       1.00000000000      0.500000000000    
      30    0.400000000000       1.00000000000      0.500000000000    
      31     1.60000000000       1.00000000000      0.500000000000    
      32     0.00000000000      0.500000000000       1.00000000000    
      33     0.00000000000      0.641064814815      0.360231481482    
      34     0.00000000000      0.298824074074      0.301657407407    
      35     0.00000000000      0.356452160494      0.643924382716    
      36     0.00000000000      0.698824074074      0.701657407407    
      37    0.371875000000      0.289062500000       1.00000000000    
      38     1.60000000000      0.500000000000       1.00000000000    
      39    0.475000000000      0.562500000000       1.00000000000    
      40    0.999967634678      0.499967634678      0.499967634678    


